Log file open, 10/18/18 14:31:39
LogWindows: Failed to load 'aqProf.dll' (GetLastError=126)
LogWindows: File 'aqProf.dll' does not exist
LogWindows: Failed to load 'VSPerf140.dll' (GetLastError=126)
LogWindows: File 'VSPerf140.dll' does not exist
LogWindows: Failed to load 'VtuneApi.dll' (GetLastError=126)
LogWindows: File 'VtuneApi.dll' does not exist
LogWindows: Failed to load 'VtuneApi32e.dll' (GetLastError=126)
LogWindows: File 'VtuneApi32e.dll' does not exist
LogInit: Display: Running engine for game: FPSProject
LogPlatformFile: Not using cached read wrapper
LogInit: Display: RandInit(519805950) SRandInit(519805950).
LogInit: Read version file with build ID '3709383'
LogInit: Overriding engine version to CL 3794801, compatible CL 3709383
LogInit: Registered custom module enumerator with build ID '3709383'
LogTaskGraph: Started task graph with 5 named threads and 14 total threads with 3 sets of task threads.
LogStats: Stats thread started at 0.161110
LogD3D11RHI: Aftermath initialized
LogPluginManager: Mounting plugin Paper2D
LogPluginManager: Mounting plugin LightPropagationVolume
LogPluginManager: Mounting plugin CodeLiteSourceCodeAccess
LogPluginManager: Mounting plugin GitSourceControl
LogPluginManager: Mounting plugin KDevelopSourceCodeAccess
LogPluginManager: Mounting plugin NullSourceCodeAccess
LogPluginManager: Mounting plugin PerforceSourceControl
LogPluginManager: Mounting plugin SubversionSourceControl
LogPluginManager: Mounting plugin UObjectPlugin
LogPluginManager: Mounting plugin VisualStudioCodeSourceCodeAccess
LogPluginManager: Mounting plugin VisualStudioSourceCodeAccess
LogPluginManager: Mounting plugin XCodeSourceCodeAccess
LogPluginManager: Mounting plugin AssetManagerEditor
LogPluginManager: Mounting plugin AudioCapture
LogPluginManager: Mounting plugin FacialAnimation
LogPluginManager: Mounting plugin GameplayTagsEditor
LogPluginManager: Mounting plugin MobileLauncherProfileWizard
LogPluginManager: Mounting plugin PluginBrowser
LogPluginManager: Mounting plugin SpeedTreeImporter
LogPluginManager: Mounting plugin AlembicImporter
LogPluginManager: Mounting plugin CharacterAI
LogPluginManager: Mounting plugin HTML5Networking
LogPluginManager: Mounting plugin AndroidMedia
LogPluginManager: Mounting plugin AvfMedia
LogPluginManager: Mounting plugin ImgMedia
LogPluginManager: Mounting plugin MediaCompositing
LogPluginManager: Mounting plugin MediaPlayerEditor
LogPluginManager: Mounting plugin WmfMedia
LogPluginManager: Mounting plugin TcpMessaging
LogPluginManager: Mounting plugin UdpMessaging
LogPluginManager: Mounting plugin ActorSequence
LogPluginManager: Mounting plugin LevelSequenceEditor
LogPluginManager: Mounting plugin MatineeToLevelSequence
LogPluginManager: Mounting plugin OnlineSubsystemGooglePlay
LogPluginManager: Mounting plugin OnlineSubsystemIOS
LogPluginManager: Mounting plugin OnlineSubsystem
LogPluginManager: Mounting plugin OnlineSubsystemNull
LogPluginManager: Mounting plugin OnlineSubsystemUtils
LogPluginManager: Mounting plugin AndroidDeviceProfileSelector
LogPluginManager: Mounting plugin AndroidMoviePlayer
LogPluginManager: Mounting plugin AndroidPermission
LogPluginManager: Mounting plugin AppleARKit
LogPluginManager: Mounting plugin AppleMoviePlayer
LogPluginManager: Mounting plugin ArchVisCharacter
LogPluginManager: Mounting plugin CableComponent
LogPluginManager: Mounting plugin CustomMeshComponent
LogPluginManager: Mounting plugin ExampleDeviceProfileSelector
LogPluginManager: Mounting plugin GoogleCloudMessaging
LogPluginManager: Mounting plugin ImmediatePhysics
LogPluginManager: Mounting plugin IOSDeviceProfileSelector
LogPluginManager: Mounting plugin LinuxDeviceProfileSelector
LogPluginManager: Mounting plugin LocationServicesBPLibrary
LogPluginManager: Mounting plugin MobilePatchingUtils
LogPluginManager: Mounting plugin OculusVR
LogPluginManager: Plugin shader directory ../../../Engine/Plugins/Runtime/Oculus/OculusVR/Shaders found
LogPluginManager: Mapping shader source directory ../../../Engine/Plugins/Runtime/Oculus/OculusVR/Shaders to virtual directory /Plugin/OculusVR
LogPluginManager: Mounting plugin PhysXVehicles
LogPluginManager: Mounting plugin ProceduralMeshComponent
LogPluginManager: Mounting plugin RuntimePhysXCooking
LogPluginManager: Mounting plugin SteamVR
LogPluginManager: Mounting plugin WindowsMoviePlayer
LogModuleManager: Display: Found up-to-date module file ../../../../../../Users/s181543/Documents/GitHub/5329-Goblins/FPSProject/Binaries/Win64/UE4Editor-FPSProject-7397.dll (API version 3709383).
LogModuleManager: Display: Found up-to-date module file ../../../Engine/Plugins/2D/Paper2D/Binaries/Win64/UE4Editor-Paper2D.dll (API version 3709383).
LogModuleManager: Display: Found up-to-date module file ../../../Engine/Plugins/2D/Paper2D/Binaries/Win64/UE4Editor-Paper2DEditor.dll (API version 3709383).
LogModuleManager: Display: Found up-to-date module file ../../../Engine/Plugins/2D/Paper2D/Binaries/Win64/UE4Editor-PaperSpriteSheetImporter.dll (API version 3709383).
LogModuleManager: Display: Found up-to-date module file ../../../Engine/Plugins/2D/Paper2D/Binaries/Win64/UE4Editor-PaperTiledImporter.dll (API version 3709383).
LogModuleManager: Display: Found up-to-date module file ../../../Engine/Plugins/2D/Paper2D/Binaries/Win64/UE4Editor-SmartSnapping.dll (API version 3709383).
LogModuleManager: Display: Found up-to-date module file ../../../Engine/Plugins/Blendables/LightPropagationVolume/Binaries/Win64/UE4Editor-LightPropagationVolumeRuntime.dll (API version 3709383).
LogModuleManager: Display: Found up-to-date module file ../../../Engine/Plugins/Blendables/LightPropagationVolume/Binaries/Win64/UE4Editor-LightPropagationVolumeEditor.dll (API version 3709383).
LogModuleManager: Display: Found up-to-date module file ../../../Engine/Plugins/Developer/GitSourceControl/Binaries/Win64/UE4Editor-GitSourceControl.dll (API version 3709383).
LogModuleManager: Display: Found up-to-date module file ../../../Engine/Plugins/Developer/PerforceSourceControl/Binaries/Win64/UE4Editor-PerforceSourceControl.dll (API version 3709383).
LogModuleManager: Display: Found up-to-date module file ../../../Engine/Plugins/Developer/SubversionSourceControl/Binaries/Win64/UE4Editor-SubversionSourceControl.dll (API version 3709383).
LogModuleManager: Display: Found up-to-date module file ../../../Engine/Plugins/Developer/UObjectPlugin/Binaries/Win64/UE4Editor-UObjectPlugin.dll (API version 3709383).
LogModuleManager: Display: Found up-to-date module file ../../../Engine/Plugins/Developer/VisualStudioCodeSourceCodeAccess/Binaries/Win64/UE4Editor-VisualStudioCodeSourceCodeAccess.dll (API version 3709383).
LogModuleManager: Display: Found up-to-date module file ../../../Engine/Plugins/Developer/VisualStudioSourceCodeAccess/Binaries/Win64/UE4Editor-VisualStudioSourceCodeAccess.dll (API version 3709383).
LogModuleManager: Display: Found up-to-date module file ../../../Engine/Plugins/Editor/AssetManagerEditor/Binaries/Win64/UE4Editor-AssetManagerEditor.dll (API version 3709383).
LogModuleManager: Display: Found up-to-date module file ../../../Engine/Plugins/Editor/AudioCapture/Binaries/Win64/UE4Editor-AudioCapture.dll (API version 3709383).
LogModuleManager: Display: Found up-to-date module file ../../../Engine/Plugins/Editor/FacialAnimation/Binaries/Win64/UE4Editor-FacialAnimation.dll (API version 3709383).
LogModuleManager: Display: Found up-to-date module file ../../../Engine/Plugins/Editor/FacialAnimation/Binaries/Win64/UE4Editor-FacialAnimationEditor.dll (API version 3709383).
LogModuleManager: Display: Found up-to-date module file ../../../Engine/Plugins/Editor/GameplayTagsEditor/Binaries/Win64/UE4Editor-GameplayTagsEditor.dll (API version 3709383).
LogModuleManager: Display: Found up-to-date module file ../../../Engine/Plugins/Editor/MobileLauncherProfileWizard/Binaries/Win64/UE4Editor-MobileLauncherProfileWizard.dll (API version 3709383).
LogModuleManager: Display: Found up-to-date module file ../../../Engine/Plugins/Editor/PluginBrowser/Binaries/Win64/UE4Editor-PluginBrowser.dll (API version 3709383).
LogModuleManager: Display: Found up-to-date module file ../../../Engine/Plugins/Editor/SpeedTreeImporter/Binaries/Win64/UE4Editor-SpeedTreeImporter.dll (API version 3709383).
LogModuleManager: Display: Found up-to-date module file ../../../Engine/Plugins/Experimental/AlembicImporter/Binaries/Win64/UE4Editor-AlembicImporter.dll (API version 3709383).
LogModuleManager: Display: Found up-to-date module file ../../../Engine/Plugins/Experimental/AlembicImporter/Binaries/Win64/UE4Editor-AlembicLibrary.dll (API version 3709383).
LogModuleManager: Display: Found up-to-date module file ../../../Engine/Plugins/Experimental/CharacterAI/Binaries/Win64/UE4Editor-CharacterAI.dll (API version 3709383).
LogModuleManager: Display: Found up-to-date module file ../../../Engine/Plugins/Experimental/HTML5Networking/Binaries/Win64/UE4Editor-HTML5Networking.dll (API version 3709383).
LogModuleManager: Display: Found up-to-date module file ../../../Engine/Plugins/Media/AndroidMedia/Binaries/Win64/UE4Editor-AndroidMediaEditor.dll (API version 3709383).
LogModuleManager: Display: Found up-to-date module file ../../../Engine/Plugins/Media/AndroidMedia/Binaries/Win64/UE4Editor-AndroidMediaFactory.dll (API version 3709383).
LogModuleManager: Display: Found up-to-date module file ../../../Engine/Plugins/Media/AvfMedia/Binaries/Win64/UE4Editor-AvfMediaEditor.dll (API version 3709383).
LogModuleManager: Display: Found up-to-date module file ../../../Engine/Plugins/Media/AvfMedia/Binaries/Win64/UE4Editor-AvfMediaFactory.dll (API version 3709383).
LogModuleManager: Display: Found up-to-date module file ../../../Engine/Plugins/Media/AvfMedia/Binaries/Win64/UE4Editor-AvfMediaFactory.dll (API version 3709383).
LogModuleManager: Display: Found up-to-date module file ../../../Engine/Plugins/Media/ImgMedia/Binaries/Win64/UE4Editor-ImgMedia.dll (API version 3709383).
LogModuleManager: Display: Found up-to-date module file ../../../Engine/Plugins/Media/ImgMedia/Binaries/Win64/UE4Editor-ImgMediaEditor.dll (API version 3709383).
LogModuleManager: Display: Found up-to-date module file ../../../Engine/Plugins/Media/ImgMedia/Binaries/Win64/UE4Editor-ImgMediaFactory.dll (API version 3709383).
LogModuleManager: Display: Found up-to-date module file ../../../Engine/Plugins/Media/ImgMedia/Binaries/Win64/UE4Editor-ImgMediaFactory.dll (API version 3709383).
LogModuleManager: Display: Found up-to-date module file ../../../Engine/Plugins/Media/ImgMedia/Binaries/Win64/UE4Editor-OpenExrWrapper.dll (API version 3709383).
LogModuleManager: Display: Found up-to-date module file ../../../Engine/Plugins/Media/MediaCompositing/Binaries/Win64/UE4Editor-MediaCompositing.dll (API version 3709383).
LogModuleManager: Display: Found up-to-date module file ../../../Engine/Plugins/Media/MediaCompositing/Binaries/Win64/UE4Editor-MediaCompositingEditor.dll (API version 3709383).
LogModuleManager: Display: Found up-to-date module file ../../../Engine/Plugins/Media/MediaPlayerEditor/Binaries/Win64/UE4Editor-MediaPlayerEditor.dll (API version 3709383).
LogModuleManager: Display: Found up-to-date module file ../../../Engine/Plugins/Media/WmfMedia/Binaries/Win64/UE4Editor-WmfMedia.dll (API version 3709383).
LogModuleManager: Display: Found up-to-date module file ../../../Engine/Plugins/Media/WmfMedia/Binaries/Win64/UE4Editor-WmfMediaEditor.dll (API version 3709383).
LogModuleManager: Display: Found up-to-date module file ../../../Engine/Plugins/Media/WmfMedia/Binaries/Win64/UE4Editor-WmfMediaFactory.dll (API version 3709383).
LogModuleManager: Display: Found up-to-date module file ../../../Engine/Plugins/Media/WmfMedia/Binaries/Win64/UE4Editor-WmfMediaFactory.dll (API version 3709383).
LogModuleManager: Display: Found up-to-date module file ../../../Engine/Plugins/Messaging/TcpMessaging/Binaries/Win64/UE4Editor-TcpMessaging.dll (API version 3709383).
LogModuleManager: Display: Found up-to-date module file ../../../Engine/Plugins/Messaging/UdpMessaging/Binaries/Win64/UE4Editor-UdpMessaging.dll (API version 3709383).
LogModuleManager: Display: Found up-to-date module file ../../../Engine/Plugins/MovieScene/ActorSequence/Binaries/Win64/UE4Editor-ActorSequence.dll (API version 3709383).
LogModuleManager: Display: Found up-to-date module file ../../../Engine/Plugins/MovieScene/LevelSequenceEditor/Binaries/Win64/UE4Editor-LevelSequenceEditor.dll (API version 3709383).
LogModuleManager: Display: Found up-to-date module file ../../../Engine/Plugins/MovieScene/MatineeToLevelSequence/Binaries/Win64/UE4Editor-MatineeToLevelSequence.dll (API version 3709383).
LogModuleManager: Display: Found up-to-date module file ../../../Engine/Plugins/Online/OnlineSubsystem/Binaries/Win64/UE4Editor-OnlineSubsystem.dll (API version 3709383).
LogModuleManager: Display: Found up-to-date module file ../../../Engine/Plugins/Online/OnlineSubsystemNull/Binaries/Win64/UE4Editor-OnlineSubsystemNull.dll (API version 3709383).
LogModuleManager: Display: Found up-to-date module file ../../../Engine/Plugins/Online/OnlineSubsystemUtils/Binaries/Win64/UE4Editor-OnlineSubsystemUtils.dll (API version 3709383).
LogModuleManager: Display: Found up-to-date module file ../../../Engine/Plugins/Online/OnlineSubsystemUtils/Binaries/Win64/UE4Editor-OnlineBlueprintSupport.dll (API version 3709383).
LogModuleManager: Display: Found up-to-date module file ../../../Engine/Plugins/Runtime/AndroidDeviceProfileSelector/Binaries/Win64/UE4Editor-AndroidDeviceProfileSelector.dll (API version 3709383).
LogModuleManager: Display: Found up-to-date module file ../../../Engine/Plugins/Runtime/AndroidPermission/Binaries/Win64/UE4Editor-AndroidPermission.dll (API version 3709383).
LogModuleManager: Display: Found up-to-date module file ../../../Engine/Plugins/Runtime/AppleARKit/Binaries/Win64/UE4Editor-AppleARKit.dll (API version 3709383).
LogModuleManager: Display: Found up-to-date module file ../../../Engine/Plugins/Runtime/ArchVisCharacter/Binaries/Win64/UE4Editor-ArchVisCharacter.dll (API version 3709383).
LogModuleManager: Display: Found up-to-date module file ../../../Engine/Plugins/Runtime/CableComponent/Binaries/Win64/UE4Editor-CableComponent.dll (API version 3709383).
LogModuleManager: Display: Found up-to-date module file ../../../Engine/Plugins/Runtime/CustomMeshComponent/Binaries/Win64/UE4Editor-CustomMeshComponent.dll (API version 3709383).
LogModuleManager: Display: Found up-to-date module file ../../../Engine/Plugins/Runtime/ExampleDeviceProfileSelector/Binaries/Win64/UE4Editor-ExampleDeviceProfileSelector.dll (API version 3709383).
LogModuleManager: Display: Found up-to-date module file ../../../Engine/Plugins/Runtime/ImmediatePhysics/Binaries/Win64/UE4Editor-ImmediatePhysics.dll (API version 3709383).
LogModuleManager: Display: Found up-to-date module file ../../../Engine/Plugins/Runtime/ImmediatePhysics/Binaries/Win64/UE4Editor-ImmediatePhysicsEditor.dll (API version 3709383).
LogModuleManager: Display: Found up-to-date module file ../../../Engine/Plugins/Runtime/LocationServicesBPLibrary/Binaries/Win64/UE4Editor-LocationServicesBPLibrary.dll (API version 3709383).
LogModuleManager: Display: Found up-to-date module file ../../../Engine/Plugins/Runtime/MobilePatchingUtils/Binaries/Win64/UE4Editor-MobilePatchingUtils.dll (API version 3709383).
LogModuleManager: Display: Found up-to-date module file ../../../Engine/Plugins/Runtime/Oculus/OculusVR/Binaries/Win64/UE4Editor-OculusHMD.dll (API version 3709383).
LogModuleManager: Display: Found up-to-date module file ../../../Engine/Plugins/Runtime/Oculus/OculusVR/Binaries/Win64/UE4Editor-OculusInput.dll (API version 3709383).
LogModuleManager: Display: Found up-to-date module file ../../../Engine/Plugins/Runtime/Oculus/OculusVR/Binaries/Win64/UE4Editor-OculusEditor.dll (API version 3709383).
LogModuleManager: Display: Found up-to-date module file ../../../Engine/Plugins/Runtime/PhysXVehicles/Binaries/Win64/UE4Editor-PhysXVehicles.dll (API version 3709383).
LogModuleManager: Display: Found up-to-date module file ../../../Engine/Plugins/Runtime/PhysXVehicles/Binaries/Win64/UE4Editor-PhysXVehiclesEditor.dll (API version 3709383).
LogModuleManager: Display: Found up-to-date module file ../../../Engine/Plugins/Runtime/ProceduralMeshComponent/Binaries/Win64/UE4Editor-ProceduralMeshComponent.dll (API version 3709383).
LogModuleManager: Display: Found up-to-date module file ../../../Engine/Plugins/Runtime/ProceduralMeshComponent/Binaries/Win64/UE4Editor-ProceduralMeshComponentEditor.dll (API version 3709383).
LogModuleManager: Display: Found up-to-date module file ../../../Engine/Plugins/Runtime/RuntimePhysXCooking/Binaries/Win64/UE4Editor-RuntimePhysXCooking.dll (API version 3709383).
LogModuleManager: Display: Found up-to-date module file ../../../Engine/Plugins/Runtime/Steam/SteamVR/Binaries/Win64/UE4Editor-SteamVR.dll (API version 3709383).
LogModuleManager: Display: Found up-to-date module file ../../../Engine/Plugins/Runtime/Steam/SteamVR/Binaries/Win64/UE4Editor-SteamVRController.dll (API version 3709383).
LogModuleManager: Display: Found up-to-date module file ../../../Engine/Plugins/Runtime/WindowsMoviePlayer/Binaries/Win64/UE4Editor-WindowsMoviePlayer.dll (API version 3709383).
LogInit: Using libcurl 7.47.1
LogInit:  - built for x86_64-pc-win32
LogInit:  - supports SSL with OpenSSL/1.0.2g
LogInit:  - supports HTTP deflate (compression) using libz 1.2.8
LogInit:  - other features:
LogInit:      CURL_VERSION_SSL
LogInit:      CURL_VERSION_LIBZ
LogInit:      CURL_VERSION_IPV6
LogInit:      CURL_VERSION_ASYNCHDNS
LogInit:      CURL_VERSION_LARGEFILE
LogInit:      CURL_VERSION_IDN
LogInit:  CurlRequestOptions (configurable via config and command line):
LogInit:  - bVerifyPeer = false  - Libcurl will NOT verify peer certificate
LogInit:  - bUseHttpProxy = false  - Libcurl will NOT use HTTP proxy
LogInit:  - bDontReuseConnections = false  - Libcurl will reuse connections
LogInit:  - CertBundlePath = nullptr  - Libcurl will use whatever was configured at build time.
LogInit: Build: ++UE4+Release-4.18-CL-3794801
LogInit: Engine Version: 4.18.2-3794801+++UE4+Release-4.18
LogInit: Compatible Engine Version: 4.18.0-3709383+++UE4+Release-4.18
LogInit: Net CL: 3709383
LogDevObjectVersion: Number of dev versions registered: 16
LogDevObjectVersion:   Dev-Blueprints (B0D832E4-1F89-4F0D-ACCF-7EB736FD4AA2): 10
LogDevObjectVersion:   Dev-Build (E1C64328-A22C-4D53-A36C-8E866417BD8C): 0
LogDevObjectVersion:   Dev-Core (375EC13C-06E4-48FB-B500-84F0262A717E): 2
LogDevObjectVersion:   Dev-Editor (E4B068ED-F494-42E9-A231-DA0B2E46BB41): 20
LogDevObjectVersion:   Dev-Framework (CFFC743F-43B0-4480-9391-14DF171D2073): 30
LogDevObjectVersion:   Dev-Mobile (B02B49B5-BB20-44E9-A304-32B752E40360): 0
LogDevObjectVersion:   Dev-Networking (A4E4105C-59A1-49B5-A7C5-40C4547EDFEE): 0
LogDevObjectVersion:   Dev-Online (39C831C9-5AE6-47DC-9A44-9C173E1C8E7C): 0
LogDevObjectVersion:   Dev-Physics (78F01B33-EBEA-4F98-B9B4-84EACCB95AA2): 0
LogDevObjectVersion:   Dev-Platform (6631380F-2D4D-43E0-8009-CF276956A95A): 0
LogDevObjectVersion:   Dev-Rendering (12F88B9F-8875-4AFC-A67C-D90C383ABD29): 20
LogDevObjectVersion:   Dev-Sequencer (7B5AE74C-D270-4C10-A958-57980B212A5A): 4
LogDevObjectVersion:   Dev-VR (D7296918-1DD6-4BDD-9DE2-64A83CC13884): 0
LogDevObjectVersion:   Dev-LoadTimes (C2A15278-BFE7-4AFE-6C17-90FF531DF755): 1
LogDevObjectVersion:   Private-Geometry (6EACA3D4-40EC-4CC1-B786-8BED09428FC5): 1
LogDevObjectVersion:   Dev-AnimPhys (29E575DD-E0A3-4627-9D10-D276232CDCEA): 12
LogInit: Compiled (64-bit): Dec  8 2017 02:04:53
LogInit: Compiled with Visual C++: 19.00.24215.01
LogInit: Build Configuration: Development
LogInit: Branch Name: ++UE4+Release-4.18
LogInit: Command line: 
LogInit: Base directory: C:/Program Files/Epic Games/UE_4.18/Engine/Binaries/Win64/
LogInit: Installed Engine Build: 1
LogInit: Presizing for max 8388607 objects, including 0 objects not considered by GC, pre-allocating 0 bytes for permanent pool.
LogInit: Object subsystem initialized
[2018.10.18-03.31.41:705][  0]LogInit: Selected Device Profile: [Windows]
[2018.10.18-03.31.41:705][  0]LogInit: Applying CVar settings loaded from the selected device profile: [Windows]
[2018.10.18-03.31.41:721][  0]LogInit: Computer: SYD-1C8525
[2018.10.18-03.31.41:721][  0]LogInit: User: s181543
[2018.10.18-03.31.41:721][  0]LogInit: CPU Page size=4096, Cores=4
[2018.10.18-03.31.41:721][  0]LogInit: High frequency timer resolution =3.312685 MHz
[2018.10.18-03.31.41:721][  0]LogMemory: Memory total: Physical=31.9GB (32GB approx)
[2018.10.18-03.31.41:721][  0]LogMemory: Platform Memory Stats for Windows
[2018.10.18-03.31.41:721][  0]LogMemory: Process Physical Memory: 275.89 MB used, 275.89 MB peak
[2018.10.18-03.31.41:721][  0]LogMemory: Process Virtual Memory: 273.58 MB used, 273.58 MB peak
[2018.10.18-03.31.41:721][  0]LogMemory: Physical Memory: 8666.91 MB used,  23988.20 MB free, 32655.12 MB total
[2018.10.18-03.31.41:721][  0]LogMemory: Virtual Memory: 628.43 MB used,  23988.20 MB free, 8388608.00 MB total
[2018.10.18-03.31.41:880][  0]LogInit: Using OS detected language (en-AU).
[2018.10.18-03.31.41:880][  0]LogInit: Using OS detected locale (en-AU).
[2018.10.18-03.31.41:884][  0]LogTextLocalizationManager: No specific localization for 'en-AU' exists, so the 'en' localization will be used.
[2018.10.18-03.31.42:237][  0]LogWindows: Failed to load 'shcore.dll' (GetLastError=126)
[2018.10.18-03.31.42:237][  0]LogWindows: File 'shcore.dll' does not exist
[2018.10.18-03.31.42:237][  0]LogInit: Setting process to DPI aware
[2018.10.18-03.31.42:242][  0]LogWindows: Failed to load 'shcore.dll' (GetLastError=126)
[2018.10.18-03.31.42:242][  0]LogWindows: File 'shcore.dll' does not exist
[2018.10.18-03.31.42:242][  0]LogInit: Setting process to DPI aware
[2018.10.18-03.31.42:584][  0]LogD3D11RHI: D3D11 adapters:
[2018.10.18-03.31.42:606][  0]LogD3D11RHI:    0. 'NVIDIA GeForce GTX 770' (Feature Level 11_0)
[2018.10.18-03.31.42:606][  0]LogD3D11RHI:       1989/0/16071 MB DedicatedVideo/DedicatedSystem/SharedSystem, Outputs:2, VendorId:0x10de
[2018.10.18-03.31.42:606][  0]LogD3D11RHI: Chosen D3D11 Adapter: 0
[2018.10.18-03.31.42:612][  0]LogD3D11RHI: Creating new Direct3DDevice
[2018.10.18-03.31.42:612][  0]LogD3D11RHI:     GPU DeviceId: 0x1184 (for the marketing name, search the web for "GPU Device Id")
[2018.10.18-03.31.42:612][  0]LogWindows: EnumDisplayDevices:
[2018.10.18-03.31.42:612][  0]LogWindows:    0. 'NVIDIA GeForce GTX 770' (P:1 D:1)
[2018.10.18-03.31.42:612][  0]LogWindows:    1. 'NVIDIA GeForce GTX 770' (P:0 D:1)
[2018.10.18-03.31.42:612][  0]LogWindows:    2. 'NVIDIA GeForce GTX 770' (P:0 D:0)
[2018.10.18-03.31.42:613][  0]LogWindows:    3. 'NVIDIA GeForce GTX 770' (P:0 D:0)
[2018.10.18-03.31.42:613][  0]LogWindows:    4. 'RDPDD Chained DD' (P:0 D:0)
[2018.10.18-03.31.42:613][  0]LogWindows:    5. 'RDP Encoder Mirror Driver' (P:0 D:0)
[2018.10.18-03.31.42:613][  0]LogWindows:    6. 'RDP Reflector Display Driver' (P:0 D:0)
[2018.10.18-03.31.42:613][  0]LogWindows: DebugString: GetVideoDriverDetailsInvalid PrimaryIsNotTheChoosenAdapter GetVideoDriverDetailsInvalid PrimaryIsNotTheChoosenAdapter GetVideoDriverDetailsInvalid PrimaryIsNotTheChoosenAdapter FoundDriverCount:4 
[2018.10.18-03.31.42:613][  0]LogD3D11RHI:     Adapter Name: NVIDIA GeForce GTX 770
[2018.10.18-03.31.42:613][  0]LogD3D11RHI:   Driver Version: 376.33 (internal:21.21.13.7633, unified:376.33)
[2018.10.18-03.31.42:613][  0]LogD3D11RHI:      Driver Date: 12-11-2016
[2018.10.18-03.31.42:613][  0]LogRHI: Texture pool is 1392 MB (70% of 1989 MB)
[2018.10.18-03.31.42:622][  0]LogD3D11RHI: Async texture creation enabled
[2018.10.18-03.31.42:636][  0]LogD3D11RHI: GPU Timing Frequency: 1000.000000 (Debug: 2 2)
[2018.10.18-03.31.42:730][  0]LogShaderCompilers: Guid format shader working directory is -24 characters bigger than the processId version (../../../../../../Users/s181543/Documents/GitHub/5329-Goblins/FPSProject/Intermediate/Shaders/WorkingDirectory/3324/).
[2018.10.18-03.31.42:730][  0]LogShaderCompilers: Cleaned the shader compiler working directory 'C:/Users/s181543/AppData/Local/Temp/UnrealShaderWorkingDir/5FE0154349471B29F7CA35A36646A781/'.
[2018.10.18-03.31.42:730][  0]LogShaderCompilers: Display: Using Local Shader Compiler.
[2018.10.18-03.31.43:658][  0]LogTemp: Display: Loaded TP AllDesktopTargetPlatform
[2018.10.18-03.31.43:723][  0]LogTemp: Display: Loaded TP MacClientTargetPlatform
[2018.10.18-03.31.43:788][  0]LogTemp: Display: Loaded TP MacNoEditorTargetPlatform
[2018.10.18-03.31.43:854][  0]LogTemp: Display: Loaded TP MacServerTargetPlatform
[2018.10.18-03.31.43:921][  0]LogTemp: Display: Loaded TP MacTargetPlatform
[2018.10.18-03.31.43:987][  0]LogTemp: Display: Loaded TP WindowsClientTargetPlatform
[2018.10.18-03.31.44:053][  0]LogTemp: Display: Loaded TP WindowsNoEditorTargetPlatform
[2018.10.18-03.31.44:118][  0]LogTemp: Display: Loaded TP WindowsServerTargetPlatform
[2018.10.18-03.31.44:181][  0]LogTemp: Display: Loaded TP WindowsTargetPlatform
[2018.10.18-03.31.44:246][  0]LogTemp: Display: Loaded TP Android_ASTCTargetPlatform
[2018.10.18-03.31.44:311][  0]LogTemp: Display: Loaded TP Android_ATCTargetPlatform
[2018.10.18-03.31.44:376][  0]LogTemp: Display: Loaded TP Android_DXTTargetPlatform
[2018.10.18-03.31.44:441][  0]LogTemp: Display: Loaded TP Android_ETC1TargetPlatform
[2018.10.18-03.31.44:507][  0]LogTemp: Display: Loaded TP Android_ETC2TargetPlatform
[2018.10.18-03.31.44:637][  0]LogTemp: Display: Loaded TP Android_MultiTargetPlatform
[2018.10.18-03.31.44:637][  0]LogTemp: Display: Loaded TP Android_PVRTCTargetPlatform
[2018.10.18-03.31.44:702][  0]LogTemp: Display: Loaded TP AndroidTargetPlatform
[2018.10.18-03.31.44:756][  0]LogTemp: Display: Loaded TP HTML5TargetPlatform
[2018.10.18-03.31.44:862][  0]LogTemp: Display: Loaded TP IOSTargetPlatform
[2018.10.18-03.31.44:892][  0]LogTemp: Display: Loaded TP TVOSTargetPlatform
[2018.10.18-03.31.44:956][  0]LogTemp: Display: Loaded TP LinuxClientTargetPlatform
[2018.10.18-03.31.45:020][  0]LogTemp: Display: Loaded TP LinuxNoEditorTargetPlatform
[2018.10.18-03.31.45:084][  0]LogTemp: Display: Loaded TP LinuxServerTargetPlatform
[2018.10.18-03.31.45:153][  0]LogTemp: Display: Loaded TP LinuxTargetPlatform
[2018.10.18-03.31.45:153][  0]LogTargetPlatformManager: Display: Building Assets For Windows
[2018.10.18-03.31.45:716][  0]LogDerivedDataCache: Display: Max Cache Size: 512 MB
[2018.10.18-03.31.45:789][  0]LogDerivedDataCache: Loaded boot cache 0.07s 79MB C:/Users/s181543/AppData/Local/UnrealEngine/4.18/DerivedDataCache/Boot.ddc.
[2018.10.18-03.31.45:789][  0]LogDerivedDataCache: Display: Loaded Boot cache: C:/Users/s181543/AppData/Local/UnrealEngine/4.18/DerivedDataCache/Boot.ddc
[2018.10.18-03.31.45:789][  0]LogDerivedDataCache: FDerivedDataBackendGraph:  Pak pak cache file ../../../../../../Users/s181543/Documents/GitHub/5329-Goblins/FPSProject/DerivedDataCache/DDC.ddp not found, will not use a pak cache.
[2018.10.18-03.31.45:789][  0]LogDerivedDataCache: Unable to find inner node Pak for hierarchical cache Hierarchy.
[2018.10.18-03.31.45:789][  0]LogDerivedDataCache: FDerivedDataBackendGraph:  CompressedPak pak cache file ../../../../../../Users/s181543/Documents/GitHub/5329-Goblins/FPSProject/DerivedDataCache/Compressed.ddp not found, will not use a pak cache.
[2018.10.18-03.31.45:789][  0]LogDerivedDataCache: Unable to find inner node CompressedPak for hierarchical cache Hierarchy.
[2018.10.18-03.31.45:806][  0]LogDerivedDataCache: Display: Pak cache opened for reading ../../../Engine/DerivedDataCache/Compressed.ddp.
[2018.10.18-03.31.45:818][  0]LogDerivedDataCache: Using Local data cache path C:/Users/s181543/AppData/Local/UnrealEngine/Common/DerivedDataCache: Writable
[2018.10.18-03.31.45:827][  0]LogMaterial: Verifying Global Shaders for PCD3D_SM5
[2018.10.18-03.31.45:827][  0]LogSlate: Using Freetype 2.6.0
[2018.10.18-03.31.45:828][  0]LogSlate: SlateFontCache - WITH_FREETYPE: 1, WITH_HARFBUZZ: 1
[2018.10.18-03.31.45:828][  0]LogSlate: SlateFontCache - WITH_FREETYPE: 1, WITH_HARFBUZZ: 1
[2018.10.18-03.31.46:183][  0]LogInit: Selected Device Profile: [Windows]
[2018.10.18-03.31.46:570][  0]LogSimplygon: Simplygon DLL not present - disabling.
[2018.10.18-03.31.46:624][  0]LogMeshReduction: Using SimplygonSwarm for distributed automatic mesh merging
[2018.10.18-03.31.46:624][  0]LogMeshReduction: Using QuadricMeshReduction for automatic static mesh reduction
[2018.10.18-03.31.46:624][  0]LogMeshReduction: No automatic skeletal mesh reduction module available
[2018.10.18-03.31.46:624][  0]LogMeshReduction: No automatic mesh merging module available
[2018.10.18-03.31.46:624][  0]LogMeshMerging: No automatic mesh merging module available
[2018.10.18-03.31.46:657][  0]LogNetVersion: FPSProject , NetCL: 3709383, EngineNetVer: 2, GameNetVer: 0 (Checksum: 2209681646)
[2018.10.18-03.31.46:825][  0]LogAssetRegistry: FAssetRegistry took 0.0245 seconds to start up
[2018.10.18-03.31.47:393][  0]LogPackageLocalizationCache: Processed 7 localized package path(s) for 2 prioritized culture(s) in 0.090556 seconds
[2018.10.18-03.31.47:398][  0]LogUObjectArray: 35900 objects as part of root set at end of initial load.
[2018.10.18-03.31.47:398][  0]LogUObjectAllocator: 7372016 out of 0 bytes used by permanent object pool.
[2018.10.18-03.31.47:398][  0]LogUObjectArray: CloseDisregardForGC: 0/0 objects in disregard for GC pool
[2018.10.18-03.31.47:461][  0]LogInit: WinSock: version 1.1 (2.2), MaxSocks=32767, MaxUdp=65467
[2018.10.18-03.31.50:754][  0]LogTcpMessaging: Initializing TcpMessaging bridge
[2018.10.18-03.31.50:803][  0]LogUdpMessaging: Initializing bridge on interface 0.0.0.0:0 to multicast group 230.0.0.1:6666.
[2018.10.18-03.31.51:483][  0]LogLinker: Warning: Can't find file '/Game/5329_Goblins/Assets/Basic'
[2018.10.18-03.31.51:483][  0]LogLinker: Warning: Can't find file for asset '/Game/5329_Goblins/Assets/Basic' while loading ../../../../../../Users/s181543/Documents/GitHub/5329-Goblins/FPSProject/Content/5329_Goblins/Assets/GoblinLowPoly.uasset.
[2018.10.18-03.31.51:484][  0]LoadErrors: Error: /Game/5329_Goblins/Assets/GoblinLowPoly : Can't find file for asset. /Game/5329_Goblins/Assets/Basic
[2018.10.18-03.31.51:484][  0]LogLinker: Warning: Can't find file '/Game/5329_Goblins/Assets/Basic'
[2018.10.18-03.31.51:484][  0]LogLinker: Warning: Can't find file for asset '/Game/5329_Goblins/Assets/Basic' while loading ../../../../../../Users/s181543/Documents/GitHub/5329-Goblins/FPSProject/Content/5329_Goblins/Assets/GoblinLowPoly.uasset.
[2018.10.18-03.31.51:484][  0]LoadErrors: Error: /Game/5329_Goblins/Assets/GoblinLowPoly : Can't find file for asset. /Game/5329_Goblins/Assets/Basic
[2018.10.18-03.31.51:484][  0]LogLinker: Warning: Can't find file '/Game/5329_Goblins/Assets/Basic'
[2018.10.18-03.31.51:484][  0]LoadErrors: Failed to load /Game/5329_Goblins/Assets/Basic.Basic Referenced by GoblinLowPoly
[2018.10.18-03.31.51:484][  0]LogLinker: Warning: Can't find file for asset '/Game/5329_Goblins/Assets/Basic' while loading NULL.
[2018.10.18-03.31.51:484][  0]LoadErrors: Failed to load /Game/5329_Goblins/Assets/Basic.Basic Referenced by GoblinLowPoly
[2018.10.18-03.31.51:485][  0]LogLinker: Warning: Can't find file '/Game/5329_Goblins/Assets/Basic'
[2018.10.18-03.31.51:485][  0]LoadErrors: Failed to load /Game/5329_Goblins/Assets/Basic.Basic Referenced by GoblinLowPoly
[2018.10.18-03.31.51:485][  0]LogLinker: Warning: Can't find file for asset '/Game/5329_Goblins/Assets/Basic' while loading NULL.
[2018.10.18-03.31.51:485][  0]LoadErrors: Failed to load /Game/5329_Goblins/Assets/Basic.Basic Referenced by GoblinLowPoly
[2018.10.18-03.31.51:810][  0]LogMaterial: Uniform references updated for custom material expression Custom.
[2018.10.18-03.31.52:389][  0]SourceControl: Source control is disabled
[2018.10.18-03.31.52:389][  0]SourceControl: Source control is disabled
[2018.10.18-03.31.52:470][  0]SourceControl: Source control is disabled
[2018.10.18-03.31.52:548][  0]SourceControl: Source control is disabled
[2018.10.18-03.31.53:743][  0]LogAndroidPermission: UAndroidPermissionCallbackProxy::GetInstance
[2018.10.18-03.31.54:139][  0]LogOcInput: OculusInput pre-init called
[2018.10.18-03.31.54:503][  0]LogEngine: Initializing Engine...
[2018.10.18-03.31.54:505][  0]LogHMD: Failed to initialize OpenVR with code 110
[2018.10.18-03.31.54:711][  0]LogStats: UGameplayTagsManager::ConstructGameplayTagTree: Construct from data asset -  0.000 s
[2018.10.18-03.31.54:711][  0]LogStats: UGameplayTagsManager::ConstructGameplayTagTree: GameplayTagTreeChangedEvent.Broadcast -  0.000 s
[2018.10.18-03.31.54:895][  0]LogAIModule: Creating AISystem for world Untitled
[2018.10.18-03.31.54:916][  0]LogInit: No audio devices found!
[2018.10.18-03.31.55:003][  0]LogDerivedDataCache: Saved boot cache 0.09s 79MB C:/Users/s181543/AppData/Local/UnrealEngine/4.18/DerivedDataCache/Boot.ddc.
[2018.10.18-03.31.55:015][  0]LogInit: Texture streaming: Enabled
[2018.10.18-03.31.55:141][  0]LogEngineSessionManager: EngineSessionManager initialized
[2018.10.18-03.31.55:323][  0]LogInit: Transaction tracking system initialized
[2018.10.18-03.31.55:737][  0]BlueprintLog: New page: Editor Load
[2018.10.18-03.31.56:904][  0]LocalizationService: Localization service is disabled
[2018.10.18-03.31.57:888][  0]LogConsoleResponse: Display: 
[2018.10.18-03.31.58:067][  0]LogCook: Display: Max memory allowance for cook 16384mb min free memory 0mb
[2018.10.18-03.31.58:067][  0]LogCook: Display: Mobile HDR setting 1
[2018.10.18-03.31.58:067][  0]LogGameplayTags: Display: UGameplayTagsManager::DoneAddingNativeTags. DelegateIsBound: 0
[2018.10.18-03.31.58:753][  0]LogFileCache: Scanning file cache for directory 'C:/Users/s181543/Documents/GitHub/5329-Goblins/FPSProject/Content/' took 0.01s
[2018.10.18-03.31.58:920][  0]LogLinker: Warning: The file '../../../Engine/Content/BasicShapes/Cube.uasset' contains unrecognizable data, check that it is of the expected type.
[2018.10.18-03.31.58:920][  0]LogLinker: Warning: The file '../../../Engine/Content/BasicShapes/Cube.uasset' contains unrecognizable data, check that it is of the expected type.
[2018.10.18-03.31.58:920][  0]LogUObjectGlobals: Warning: Failed to find object 'StaticMesh /Engine/BasicShapes/Cube.Cube'
[2018.10.18-03.31.59:633][  0]SourceControl: Source control is disabled
[2018.10.18-03.31.59:634][  0]Cmd: MAP LOAD FILE="../../../../../../Users/s181543/Documents/GitHub/5329-Goblins/FPSProject/Content/5329_Goblins/Maps/MainWorld.umap" TEMPLATE=0 SHOWPROGRESS=1 FEATURELEVEL=3
[2018.10.18-03.31.59:634][  0]LightingResults: New page: Lighting Build
[2018.10.18-03.31.59:690][  0]MapCheck: New page: Map Check
[2018.10.18-03.31.59:690][  0]LightingResults: New page: Lighting Build
[2018.10.18-03.31.59:890][  0]LogLinker: Warning: Can't find file '/Game/5329_Goblins/Maps/MainWorld_BuiltData'
[2018.10.18-03.31.59:890][  0]LogLinker: Warning: Can't find file for asset '/Game/5329_Goblins/Maps/MainWorld_BuiltData' while loading ../../../../../../Users/s181543/Documents/GitHub/5329-Goblins/FPSProject/Content/5329_Goblins/Maps/MainWorld.umap.
[2018.10.18-03.31.59:890][  0]LoadErrors: Error: /Game/5329_Goblins/Maps/MainWorld : Can't find file for asset. /Game/5329_Goblins/Maps/MainWorld_BuiltData
[2018.10.18-03.31.59:892][  0]LogLinker: Warning: Can't find file '/Game/5329_Goblins/Maps/MainWorld_BuiltData'
[2018.10.18-03.31.59:893][  0]LogLinker: Warning: Can't find file for asset '/Game/5329_Goblins/Maps/MainWorld_BuiltData' while loading ../../../../../../Users/s181543/Documents/GitHub/5329-Goblins/FPSProject/Content/5329_Goblins/Maps/MainWorld.umap.
[2018.10.18-03.31.59:893][  0]LoadErrors: Error: /Game/5329_Goblins/Maps/MainWorld : Can't find file for asset. /Game/5329_Goblins/Maps/MainWorld_BuiltData
[2018.10.18-03.31.59:895][  0]LogLinker: Warning: Can't find file '/Game/5329_Goblins/Maps/MainWorld_BuiltData'
[2018.10.18-03.31.59:895][  0]LogLinker: Warning: Can't find file for asset '/Game/5329_Goblins/Maps/MainWorld_BuiltData' while loading NULL.
[2018.10.18-03.31.59:895][  0]LogLinker: Warning: Can't find file '/Game/5329_Goblins/Maps/MainWorld_BuiltData'
[2018.10.18-03.31.59:895][  0]LogLinker: Warning: Can't find file for asset '/Game/5329_Goblins/Maps/MainWorld_BuiltData' while loading NULL.
[2018.10.18-03.32.00:056][  0]LogLinker: Warning: Can't find file '/Game/5329_Goblins/Maps/MainWorld_BuiltData'
[2018.10.18-03.32.00:056][  0]LoadErrors: Failed to load /Game/5329_Goblins/Maps/MainWorld_BuiltData.MainWorld_BuiltData Referenced by PersistentLevel
[2018.10.18-03.32.00:056][  0]LogLinker: Warning: Can't find file for asset '/Game/5329_Goblins/Maps/MainWorld_BuiltData' while loading NULL.
[2018.10.18-03.32.00:056][  0]LoadErrors: Failed to load /Game/5329_Goblins/Maps/MainWorld_BuiltData.MainWorld_BuiltData Referenced by PersistentLevel
[2018.10.18-03.32.00:432][  0]LogAIModule: Creating AISystem for world MainWorld
[2018.10.18-03.32.00:482][  0]LogEditorServer: Finished looking for orphan Actors (0.000 secs)
[2018.10.18-03.32.00:499][  0]Cmd: MAP CHECKDEP NOCLEARLOG
[2018.10.18-03.32.00:573][  0]MapCheck: Map check complete: 0 Error(s), 0 Warning(s), took 73.319ms to complete.
[2018.10.18-03.32.00:573][  0]LogFileHelpers: Loading map 'MainWorld' took 0.939
[2018.10.18-03.32.00:773][  0]LogCollectionManager: Loaded 0 collections in 0.001209 seconds
[2018.10.18-03.32.00:867][  0]LogFileCache: Scanning file cache for directory 'C:/Users/s181543/Documents/GitHub/5329-Goblins/FPSProject/Saved/Collections/' took 0.01s
[2018.10.18-03.32.00:867][  0]LogFileCache: Scanning file cache for directory 'C:/Users/s181543/Documents/GitHub/5329-Goblins/FPSProject/Content/Developers/s181543/Collections/' took 0.01s
[2018.10.18-03.32.00:867][  0]LogFileCache: Scanning file cache for directory 'C:/Users/s181543/Documents/GitHub/5329-Goblins/FPSProject/Content/Collections/' took 0.01s
[2018.10.18-03.32.00:867][  0]LogCollectionManager: Rebuilt the GUID cache for 0 collections in 0.000000 seconds
[2018.10.18-03.32.00:875][  0]LogContentBrowser: Native class hierarchy populated in 0.0074 seconds. Added 2373 classes and 524 folders.
[2018.10.18-03.32.00:960][  0]LogContentBrowser: Native class hierarchy updated for 'WidgetCarousel' in 0.0006 seconds. Added 0 classes and 0 folders.
[2018.10.18-03.32.00:999][  0]LogContentBrowser: Native class hierarchy updated for 'AddContentDialog' in 0.0007 seconds. Added 0 classes and 0 folders.
[2018.10.18-03.32.01:004][  0]LogLinker: Warning: The file '../../../Engine/Content/BasicShapes/Cube.uasset' contains unrecognizable data, check that it is of the expected type.
[2018.10.18-03.32.01:005][  0]LogLinker: Warning: The file '../../../Engine/Content/BasicShapes/Cube.uasset' contains unrecognizable data, check that it is of the expected type.
[2018.10.18-03.32.01:039][  0]LogSlate: Took 0.000213 seconds to synchronously load lazily loaded font '../../../Engine/Content/Slate/Fonts/Roboto-Regular.ttf' (155K)
[2018.10.18-03.32.01:042][  0]LogSlate: Took 0.000153 seconds to synchronously load lazily loaded font '../../../Engine/Content/Slate/Fonts/Roboto-Bold.ttf' (160K)
[2018.10.18-03.32.01:045][  0]LogSlate: Took 0.000201 seconds to synchronously load lazily loaded font '../../../Engine/Content/Editor/Slate/Fonts/FontAwesome.ttf' (139K)
[2018.10.18-03.32.01:130][  0]LogRenderer: Reallocating scene render targets to support 972x620 Format 10 NumSamples 1 (Frame:1).
[2018.10.18-03.32.01:458][  0]LogContentBrowser: Native class hierarchy updated for 'HierarchicalLODOutliner' in 0.0007 seconds. Added 1 classes and 2 folders.
[2018.10.18-03.32.01:458][  0]LogLoad: (Engine Initialization) Total time: 23.00 seconds
[2018.10.18-03.32.01:458][  0]LogLoad: (Engine Initialization) Total Blueprint compile time: 0.00 seconds
[2018.10.18-03.32.01:458][  0]LogExternalProfiler: No external profilers were discovered.  External profiling features will not be available.
[2018.10.18-03.32.01:836][  0]LogAssetRegistry: Asset discovery search completed in 15.0323 seconds
[2018.10.18-03.32.01:837][  0]LogCollectionManager: Rebuilt the object cache for 0 collections in 0.000000 seconds (found 0 objects)
[2018.10.18-03.32.01:838][  0]LogCollectionManager: Fixed up redirectors for 0 collections in 0.000071 seconds (updated 0 objects)
[2018.10.18-03.32.01:841][  0]LogContentStreaming: Texture pool size now 1000 MB
[2018.10.18-03.32.01:912][  0]LogSlate: Took 0.000144 seconds to synchronously load lazily loaded font '../../../Engine/Content/Slate/Fonts/Roboto-Light.ttf' (159K)
[2018.10.18-03.32.02:131][  1]LogFileCache: Retrieving MD5 hashes for directory 'C:/Users/s181543/Documents/GitHub/5329-Goblins/FPSProject/Content/' took 0.32s
[2018.10.18-03.32.31:783][324]LogSlate: Took 0.000176 seconds to synchronously load lazily loaded font '../../../Engine/Content/Slate/Fonts/Roboto-Light.ttf' (159K)
[2018.10.18-03.32.31:833][324]LogAIModule: Creating AISystem for world AITestLevel
[2018.10.18-03.32.31:852][324]Cmd: MAP LOAD FILE="../../../../../../Users/s181543/Documents/GitHub/5329-Goblins/FPSProject/Content/5329_Goblins/Maps/AITestLevel.umap" TEMPLATE=0 SHOWPROGRESS=1 FEATURELEVEL=3
[2018.10.18-03.32.31:852][324]LightingResults: New page: Lighting Build
[2018.10.18-03.32.31:853][324]LoadErrors: New page: Loading map: AITestLevel.umap
[2018.10.18-03.32.31:860][324]MapCheck: New page: Map Check
[2018.10.18-03.32.31:860][324]LightingResults: New page: Lighting Build
[2018.10.18-03.32.31:884][324]LogEditorServer: Finished looking for orphan Actors (0.000 secs)
[2018.10.18-03.32.31:916][324]Cmd: MAP CHECKDEP NOCLEARLOG
[2018.10.18-03.32.31:994][324]MapCheck: Map check complete: 0 Error(s), 0 Warning(s), took 77.498ms to complete.
[2018.10.18-03.32.31:994][324]LogFileHelpers: Loading map 'AITestLevel' took 0.143
[2018.10.18-03.32.34:051][536]LogTemp: Repeating last play command: Selected Viewport
[2018.10.18-03.32.34:078][536]LogBlueprintUserMessages: Early PlayInEditor Detection: Level '/Game/5329_Goblins/Maps/AITestLevel.AITestLevel:PersistentLevel' has LevelScriptBlueprint '/Game/5329_Goblins/Maps/AITestLevel.AITestLevel:PersistentLevel.AITestLevel' with GeneratedClass '/Game/5329_Goblins/Maps/AITestLevel.AITestLevel_C' with ClassGeneratedBy '/Game/5329_Goblins/Maps/AITestLevel.AITestLevel:PersistentLevel.AITestLevel'
[2018.10.18-03.32.34:079][536]LogPlayLevel: PlayLevel: No blueprints needed recompiling
[2018.10.18-03.32.34:079][536]PIE: New page: PIE session: AITestLevel (19 Oct 2018 1:32:34 am)
[2018.10.18-03.32.34:079][536]LogPlayLevel: Creating play world package: /Game/5329_Goblins/Maps/UEDPIE_0_AITestLevel
[2018.10.18-03.32.34:109][536]LogPlayLevel: PIE: StaticDuplicateObject took: (0.029890s)
[2018.10.18-03.32.34:110][536]LogAIModule: Creating AISystem for world AITestLevel
[2018.10.18-03.32.34:110][536]LogPlayLevel: PIE: World Init took: (0.000861s)
[2018.10.18-03.32.34:110][536]LogPlayLevel: PIE: Created PIE world by copying editor world from /Game/5329_Goblins/Maps/AITestLevel.AITestLevel to /Game/5329_Goblins/Maps/UEDPIE_0_AITestLevel.AITestLevel (0.031150s)
[2018.10.18-03.32.34:176][536]LogLoad: Game class is 'FirstPersonGameMode_C'
[2018.10.18-03.32.34:178][536]LogWorld: Bringing World /Game/5329_Goblins/Maps/UEDPIE_0_AITestLevel.AITestLevel up for play (max tick rate 0) at 2018.10.18-14.32.34
[2018.10.18-03.32.34:179][536]LogWorld: Bringing up level for play took: 0.001629
[2018.10.18-03.32.34:237][536]LogContentBrowser: Native class hierarchy updated for 'MovieSceneCapture' in 0.0007 seconds. Added 11 classes and 0 folders.
[2018.10.18-03.32.34:238][536]PIE: Play in editor start time for /Game/5329_Goblins/Maps/UEDPIE_0_AITestLevel -0.07
[2018.10.18-03.32.34:238][536]LogBlueprintUserMessages: Late PlayInEditor Detection: Level '/Game/5329_Goblins/Maps/AITestLevel.AITestLevel:PersistentLevel' has LevelScriptBlueprint '/Game/5329_Goblins/Maps/AITestLevel.AITestLevel:PersistentLevel.AITestLevel' with GeneratedClass '/Game/5329_Goblins/Maps/AITestLevel.AITestLevel_C' with ClassGeneratedBy '/Game/5329_Goblins/Maps/AITestLevel.AITestLevel:PersistentLevel.AITestLevel'
[2018.10.18-03.32.40:595][294]LogCharacterMovement: GoblinCharacter_1 is stuck and failed to move! Velocity: X=49.00 Y=10.53 Z=0.00 Location: X=489.28 Y=378.15 Z=142.16 Normal: X=0.65 Y=-0.76 Z=0.00 PenetrationDepth:2.137 Actor:GoblinCharacter_2 Component:StaticMeshComponent BoneName:None (0 other events since notify)
[2018.10.18-03.32.41:604][415]LogCharacterMovement: GoblinCharacter_1 is stuck and failed to move! Velocity: X=251.96 Y=503.69 Z=0.00 Location: X=582.63 Y=461.51 Z=142.18 Normal: X=-0.47 Y=0.88 Z=0.00 PenetrationDepth:6.321 Actor:GruntGoblin_1 Component:StaticMeshComponent BoneName:None (26 other events since notify)
[2018.10.18-03.32.42:346][504]LogBlueprintUserMessages: Early EndPlayMap Detection: Level '/Game/5329_Goblins/Maps/AITestLevel.AITestLevel:PersistentLevel' has LevelScriptBlueprint '/Game/5329_Goblins/Maps/AITestLevel.AITestLevel:PersistentLevel.AITestLevel' with GeneratedClass '/Game/5329_Goblins/Maps/AITestLevel.AITestLevel_C' with ClassGeneratedBy '/Game/5329_Goblins/Maps/AITestLevel.AITestLevel:PersistentLevel.AITestLevel'
[2018.10.18-03.32.42:374][504]LogBlueprintUserMessages: Late EndPlayMap Detection: Level '/Game/5329_Goblins/Maps/AITestLevel.AITestLevel:PersistentLevel' has LevelScriptBlueprint '/Game/5329_Goblins/Maps/AITestLevel.AITestLevel:PersistentLevel.AITestLevel' with GeneratedClass '/Game/5329_Goblins/Maps/AITestLevel.AITestLevel_C' with ClassGeneratedBy '/Game/5329_Goblins/Maps/AITestLevel.AITestLevel:PersistentLevel.AITestLevel'
